<?xml version="1.0" encoding="UTF-8"?>
<!-- Generated by org.testng.reporters.JUnitReportReporter -->
<testsuite skipped="0" hostname="Aliona" name="testcases.TC_001" tests="1" failures="0" timestamp="29 Jun 2019 20:15:16 GMT" time="10.460" errors="0">
  <testcase name="testCase1" time="10.460" classname="testcases.TC_001"/>
</testsuite> <!-- testcases.TC_001 -->
