<?xml version="1.0" encoding="UTF-8"?>
<!-- Generated by org.testng.reporters.JUnitReportReporter -->
<testsuite skipped="0" hostname="Aliona" name="testcases.TC_002" tests="1" failures="0" timestamp="30 Jun 2019 15:23:41 GMT" time="9.227" errors="0">
  <testcase name="testCase2" time="9.227" classname="testcases.TC_002"/>
</testsuite> <!-- testcases.TC_002 -->
